###############################################################################
#                                                                             #
#     IAR Systems ARM Assembler V4.40A/W32 13/Sep/2006  13:42:03              #
#     Copyright 1999-2006 IAR Systems. All rights reserved.                   #
#                                                                             #
#           Source file   =  E:\ARM\MegaDial\CX75\ESI.asm                     #
#           List file     =  E:\ARM\MegaDial\CX75\Release\List\ESI.lst        #
#           Object file   =  E:\ARM\MegaDial\CX75\Release\Obj\ESI.r79         #
#           Command line  =  E:\ARM\MegaDial\CX75\ESI.asm                     #
#                            -OE:\ARM\MegaDial\CX75\Release\Obj\ -s+ -M<>     #
#                            -w+ -LE:\ARM\MegaDial\CX75\Release\List\ -t8     #
#                            --cpu ARM926EJ-S --fpu None                      #
#                            -ID:\IARARM\ARM\INC\                             #
#                                                                             #
###############################################################################

    1    00000000                      RSEG    PATCH_ESI:CODE:ROOT
    2    00000000                      CODE16
    3    00000000 004B                 LDR     R3,=ESI_PATCH
    4    00000002 1847                 BX      R3
    5    00000004              
    6    00000004                      RSEG    CODE:CODE:NOROOT
    6.1  00000004                       TABLE
    6.2  00000004 ........             Reference on line 3 
    6.3  00000000                      RSEG (including table)
    6    00000000                      RSEG    CODE:CODE:NOROOT
    7    00000000                      CODE32
    8    00000000                      EXTERN  ESI
    9    00000000              ESI_PATCH:
   10    00000000 203EA0E1             MOV     R3,R0,LSR #+0x1C
   11    00000004 0A0053E3             CMP     R3,#0x0A
   12    00000008 0B005313             CMPNE   R3,#0x0B
   13    0000000C 0100001A             BNE     DO_LGP
   14    00000010 ........             BL      ESI
   15    00000014 1080BDE8             LDMFD   SP!,{R4,PC}
   16    00000018              DO_LGP:
   17    00000018 10309FE5             LDR     R3,=0xA0A84774+1
   18    0000001C 0140A0E1             MOV     R4,R1
   19    00000020 0210A0E1             MOV     R1,R2
   20    00000024 08209FE5             LDR     R2,=0x2710
   21    00000028 020050E1             CMP     R0,R2
   22    0000002C 13FF2FE1             BX      R3
   23    00000030                      END
   23.1  00000030                       TABLE
   23.2  00000030 7547A8A0             Reference on line 17 
   23.3  00000034 10270000             Reference on line 20 
   23.4  00000038                      END (including table)
##############################
#          CRC:C13A          #
#        Errors:   0         #
#        Warnings: 0         #
#         Bytes: 64          #
##############################



