###############################################################################
#                                                                             #
#     IAR Systems ARM Assembler V4.40A/W32 22/Aug/2006  13:39:32              #
#     Copyright 1999-2006 IAR Systems. All rights reserved.                   #
#                                                                             #
#           Source file   =  E:\ARM\elfloader\ELFLoader\ESI.asm               #
#           List file     =  E:\ARM\elfloader\ELFLoader\Release\List\ESI.lst  #
#           Object file   =  E:\ARM\elfloader\ELFLoader\Release\Obj\ESI.r79   #
#           Command line  =  E:\ARM\elfloader\ELFLoader\ESI.asm               #
#                            -OE:\ARM\elfloader\ELFLoader\Release\Obj\ -s+    #
#                            -M<> -w+                                         #
#                            -LE:\ARM\elfloader\ELFLoader\Release\List\ -cE   #
#                            -t8 --cpu ARM926EJ-S --fpu None                  #
#                            -ID:\IARARM\ARM\INC\                             #
#                                                                             #
###############################################################################

    1    00000000                      RSEG    PATCH_ESI1:CODE:ROOT(2)
    2    00000000                      ARM
    3    00000000 ........             LDR     PC,pESI
    4    00000000                      RSEG    PATCH_ESI2:DATA(2)
    5    00000000              pESI
    6    00000000 ........             DCD     callESI
    7    00000004              
    8    00000000                      EXTERN  ESI
    9    00000004              
   10    00000000                      RSEG    CODE:CODE(2)
   11    00000000                      ARM
   12    00000000              callESI:
   13    00000000 ........             BL      ESI
   14    00000004 0100A0E3             MOV     R0, #1
   15    00000008 F081BDE8             LDMFD   SP!, {R4-R8,PC}
   16    0000000C                      
   17    0000000C                      END
##############################
#          CRC:9565          #
#        Errors:   0         #
#        Warnings: 0         #
#         Bytes: 20          #
##############################



