###############################################################################
#                                                                             #
#     IAR Systems ARM Assembler V4.40A/W32 22/Aug/2006  13:39:34              #
#     Copyright 1999-2006 IAR Systems. All rights reserved.                   #
#                                                                             #
#           Source file   =  E:\ARM\elfloader\ELFLoader\rets.asm              #
#           List file     =  E:\ARM\elfloader\ELFLoader\Release\List\rets.lst #
#           Object file   =  E:\ARM\elfloader\ELFLoader\Release\Obj\rets.r79  #
#           Command line  =  E:\ARM\elfloader\ELFLoader\rets.asm              #
#                            -OE:\ARM\elfloader\ELFLoader\Release\Obj\ -s+    #
#                            -M<> -w+                                         #
#                            -LE:\ARM\elfloader\ELFLoader\Release\List\ -cE   #
#                            -t8 --cpu ARM926EJ-S --fpu None                  #
#                            -ID:\IARARM\ARM\INC\                             #
#                                                                             #
###############################################################################

    1    00000000                      RSEG    RET_ADRS:CODE
    2    00000000              
    3    00000000                      PUBLIC  OldOnClose
    4    00000000              OldOnClose:
    5    00000000 7BCD2FA0             DCD     0xA02FCD7A+1
    6    00000004                      
    7    00000000                      PUBLIC  OldOnCreate
    8    00000004              OldOnCreate:
    9    00000004 53CB2FA0             DCD     0xA02FCB52+1
   10    00000008                      
   11    00000000                      PUBLIC  OldShowMsg
   12    00000008              OldShowMsg:
   13    00000008 9F7897A0             DCD     0xA097789E+1
   14    0000000C                      
   15    0000000C                      END
##############################
#          CRC:7C77          #
#        Errors:   0         #
#        Warnings: 0         #
#         Bytes: 12          #
##############################



