##############################################################################
#                                                                            #
# IAR ARM ANSI C/C++ Compiler V4.40A/W32 EVALUATION    24/Sep/2006  17:16:01 #
# Copyright 1999-2005 IAR Systems. All rights reserved.                      #
#                                                                            #
#    Cpu mode        =  interwork                                            #
#    Endian          =  little                                               #
#    Stack alignment =  4                                                    #
#    Source file     =  E:\ARM\TED\config_data.c                             #
#    Command line    =  E:\ARM\TED\config_data.c -lC                         #
#                       E:\ARM\TED\Release\List\ -o E:\ARM\TED\Release\Obj\  #
#                       -s9 --no_unroll --no_clustering --cpu_mode arm       #
#                       --endian little --cpu ARM926EJ-S --stack_align 4     #
#                       --interwork -e --fpu None --segment code=CONFIG      #
#                       --segment data=CONFIG -I D:\IARARM\ARM\INC\          #
#    List file       =  E:\ARM\TED\Release\List\config_data.lst              #
#    Object file     =  E:\ARM\TED\Release\Obj\config_data.r79               #
#                                                                            #
#                                                                            #
##############################################################################

E:\ARM\TED\config_data.c
      1          //Конфигурация

   \                                 In segment CONFIG_C, align 4, align-sorted, root
      2          __root const int ink_type=1;
   \                     ink_type:
   \   00000000   01000000           DC32 1

   \                                 In segment CONFIG_C, align 4, align-sorted, root
      3          __root const char ink_name[32]="Ink color";
   \                     ink_name:
   \   00000000   496E6B20636F       DC8 "Ink color"
   \              6C6F7200    
   \   0000000A   000000000000       DC8 0, 0, 0, 0, 0, 0, 0, 0, 0, 0, 0, 0, 0, 0, 0, 0, 0, 0, 0, 0, 0, 0
   \              000000000000
   \              000000000000
   \              00000000    

   \                                 In segment CONFIG_C, align 4, align-sorted, root
      4          __root const int ink_min=0;
   \                     ink_min:
   \   00000000   00000000           DC32 0

   \                                 In segment CONFIG_C, align 4, align-sorted, root
      5          __root const int ink_max=23;
   \                     ink_max:
   \   00000000   17000000           DC32 23

   \                                 In segment CONFIG_C, align 4, align-sorted, root
      6          __root const unsigned int INK =0;
   \                     INK:
   \   00000000   00000000           DC32 0
      7          

   \                                 In segment CONFIG_C, align 4, align-sorted, root
      8          __root const int paper_type=1;
   \                     paper_type:
   \   00000000   01000000           DC32 1

   \                                 In segment CONFIG_C, align 4, align-sorted, root
      9          __root const char paper_name[32]="Paper color";
   \                     paper_name:
   \   00000000   506170657220       DC8 "Paper color"
   \              636F6C6F7200
   \   0000000C   000000000000       DC8 0, 0, 0, 0, 0, 0, 0, 0, 0, 0, 0, 0, 0, 0, 0, 0, 0, 0, 0, 0
   \              000000000000
   \              000000000000
   \              0000        

   \                                 In segment CONFIG_C, align 4, align-sorted, root
     10          __root const int paper_min=0;
   \                     paper_min:
   \   00000000   00000000           DC32 0

   \                                 In segment CONFIG_C, align 4, align-sorted, root
     11          __root const int paper_max=23;
   \                     paper_max:
   \   00000000   17000000           DC32 23

   \                                 In segment CONFIG_C, align 4, align-sorted, root
     12          __root const unsigned int PAPER =1;
   \                     PAPER:
   \   00000000   01000000           DC32 1
     13          

   \                                 In segment CONFIG_C, align 4, align-sorted, root
     14          __root const int tedpath_type=2;
   \                     tedpath_type:
   \   00000000   02000000           DC32 2

   \                                 In segment CONFIG_C, align 4, align-sorted, root
     15          __root const char tedpath_name[32]="Files path";
   \                     tedpath_name:
   \   00000000   46696C657320       DC8 "Files path"
   \              7061746800  
   \   0000000B   000000000000       DC8 0, 0, 0, 0, 0, 0, 0, 0, 0, 0, 0, 0, 0, 0, 0, 0, 0, 0, 0, 0, 0
   \              000000000000
   \              000000000000
   \              000000      

   \                                 In segment CONFIG_C, align 4, align-sorted, root
     16          __root const int tedpath_min=3;
   \                     tedpath_min:
   \   00000000   03000000           DC32 3

   \                                 In segment CONFIG_C, align 4, align-sorted, root
     17          __root const int tedpath_max=63;
   \                     tedpath_max:
   \   00000000   3F000000           DC32 63

   \                                 In segment CONFIG_C, align 4, align-sorted, root
     18          __root const char ted_path[64]="4:\\ZBin\\TED\\";
   \                     ted_path:
   \   00000000   343A5C5A4269       DC8 "4:\\ZBin\\TED\\"
   \              6E5C5445445C
   \              00          
   \   0000000D   000000000000       DC8 0, 0, 0, 0, 0, 0, 0, 0, 0, 0, 0, 0, 0, 0, 0, 0
   \              000000000000
   \              00000000    
   \   0000001D   000000000000       DC8 0, 0, 0, 0, 0, 0, 0, 0, 0, 0, 0, 0, 0, 0, 0, 0
   \              000000000000
   \              00000000    
   \   0000002D   000000000000       DC8 0, 0, 0, 0, 0, 0, 0, 0, 0, 0, 0, 0, 0, 0, 0, 0, 0, 0, 0
   \              000000000000
   \              000000000000
   \              00          
     19          

   \                                 In segment CONFIG_C, align 4, align-sorted, root
     20          __root const int dlight_type=1;
   \                     dlight_type:
   \   00000000   01000000           DC32 1

   \                                 In segment CONFIG_C, align 4, align-sorted, root
     21          __root const char dlight_name[32]="Display light";
   \                     dlight_name:
   \   00000000   446973706C61       DC8 "Display light"
   \              79206C696768
   \              7400        
   \   0000000E   000000000000       DC8 0, 0, 0, 0, 0, 0, 0, 0, 0, 0, 0, 0, 0, 0, 0, 0, 0, 0
   \              000000000000
   \              000000000000

   \                                 In segment CONFIG_C, align 4, align-sorted, root
     22          __root const int dlight_min=0;
   \                     dlight_min:
   \   00000000   00000000           DC32 0

   \                                 In segment CONFIG_C, align 4, align-sorted, root
     23          __root const int dlight_max=100;
   \                     dlight_max:
   \   00000000   64000000           DC32 100

   \                                 In segment CONFIG_C, align 4, align-sorted, root
     24          __root const unsigned int DISPLAY_LIGHT =10;
   \                     DISPLAY_LIGHT:
   \   00000000   0A000000           DC32 10


   Segment part sizes:

     Function/Label Bytes
     -------------- -----
     ink_type          4
     ink_name         32
     ink_min           4
     ink_max           4
     INK               4
     paper_type        4
     paper_name       32
     paper_min         4
     paper_max         4
     PAPER             4
     tedpath_type      4
     tedpath_name     32
     tedpath_min       4
     tedpath_max       4
     ted_path         64
     dlight_type       4
     dlight_name      32
     dlight_min        4
     dlight_max        4
     DISPLAY_LIGHT     4

 
 252 bytes in segment CONFIG_C
 
 252 bytes of CONST memory

Errors: none
Warnings: none
