##############################################################################
#                                                                            #
# IAR ARM ANSI C/C++ Compiler V4.40A/W32 EVALUATION    12/Apr/2007  15:32:12 #
# Copyright 1999-2005 IAR Systems. All rights reserved.                      #
#                                                                            #
#    Cpu mode        =  interwork                                            #
#    Endian          =  little                                               #
#    Stack alignment =  4                                                    #
#    Source file     =  D:\MOBILE\ELFS\MY\PANDEMONIUM_II\config_data.c       #
#    Command line    =  D:\MOBILE\ELFS\MY\PANDEMONIUM_II\config_data.c -lC   #
#                       D:\MOBILE\ELFS\MY\PANDEMONIUM_II\Release_NewSGOLD\Li #
#                       st\ -o D:\MOBILE\ELFS\MY\PANDEMONIUM_II\Release_NewS #
#                       GOLD\Obj\ -s9 --no_unroll --cpu_mode arm --endian    #
#                       little --cpu ARM926EJ-S --stack_align 4 --interwork  #
#                       -e --fpu None --segment code=CONFIG --segment        #
#                       data=CONFIG -I D:\MOBILE\ELFS\IAR\IAR\ARM\INC\       #
#    List file       =  D:\MOBILE\ELFS\MY\PANDEMONIUM_II\Release_NewSGOLD\Li #
#                       st\config_data.lst                                   #
#    Object file     =  D:\MOBILE\ELFS\MY\PANDEMONIUM_II\Release_NewSGOLD\Ob #
#                       j\config_data.r79                                    #
#                                                                            #
#                                                                            #
##############################################################################

D:\MOBILE\ELFS\MY\PANDEMONIUM_II\config_data.c
      1          #include "..\inc\cfg_items.h"
      2          

   \                                 In segment CONFIG_C, align 4, align-sorted, root
      3          __root const CFG_HDR cfghdr0={CFG_STR_WIN1251,"path",0,127};
   \                     cfghdr0:
   \   00000000   04000000           DC32 4
   \   00000004   7061746800         DC8 "path"
   \   00000009   000000000000       DC8 0, 0, 0, 0, 0, 0, 0, 0, 0, 0, 0, 0, 0, 0, 0, 0
   \              000000000000
   \              00000000    
   \   00000019   000000000000       DC8 0, 0, 0, 0, 0, 0, 0, 0, 0, 0, 0
   \              0000000000  
   \   00000024   000000007F00       DC32 0, 127
   \              0000        

   \                                 In segment CONFIG_C, align 4, align-sorted, root
      4          __root const char path[128]="0:\\zbin\\daemons\\";
   \                     path:
   \   00000000   303A5C7A6269       DC8 "0:\\zbin\\daemons\\"
   \              6E5C6461656D
   \              6F6E735C00  
   \   00000011   000000000000       DC8 0, 0, 0, 0, 0, 0, 0, 0, 0, 0, 0, 0, 0, 0, 0, 0
   \              000000000000
   \              00000000    
   \   00000021   000000000000       DC8 0, 0, 0, 0, 0, 0, 0, 0, 0, 0, 0, 0, 0, 0, 0, 0
   \              000000000000
   \              00000000    
   \   00000031   000000000000       DC8 0, 0, 0, 0, 0, 0, 0, 0, 0, 0, 0, 0, 0, 0, 0, 0
   \              000000000000
   \              00000000    
   \   00000041   000000000000       DC8 0, 0, 0, 0, 0, 0, 0, 0, 0, 0, 0, 0, 0, 0, 0, 0
   \              000000000000
   \              00000000    
   \   00000051   000000000000       DC8 0, 0, 0, 0, 0, 0, 0, 0, 0, 0, 0, 0, 0, 0, 0, 0
   \              000000000000
   \              00000000    
   \   00000061   000000000000       DC8 0, 0, 0, 0, 0, 0, 0, 0, 0, 0, 0, 0, 0, 0, 0, 0
   \              000000000000
   \              00000000    
   \   00000071   000000000000       DC8 0, 0, 0, 0, 0, 0, 0, 0, 0, 0, 0, 0, 0, 0, 0
   \              000000000000
   \              000000      
      5          

   \                                 In segment CONFIG_C, align 4, align-sorted, root
      6          __root const CFG_HDR cfghdr1={CFG_UINT,"`Enabled` icon #",0,9999};
   \                     cfghdr1:
   \   00000000   01000000           DC32 1
   \   00000004   60456E61626C       DC8 "`Enabled` icon #"
   \              656460206963
   \              6F6E202300  
   \   00000015   000000000000       DC8 0, 0, 0, 0, 0, 0, 0, 0, 0, 0, 0, 0, 0, 0, 0
   \              000000000000
   \              000000      
   \   00000024   000000000F27       DC32 0, 9999
   \              0000        

   \                                 In segment CONFIG_C, align 4, align-sorted, root
      7          __root const unsigned int icon_enabled=813;
   \                     icon_enabled:
   \   00000000   2D030000           DC32 813
      8          

   \                                 In segment CONFIG_C, align 4, align-sorted, root
      9          __root const CFG_HDR cfghdr2={CFG_UINT,"`Disabled` icon #",0,9999};
   \                     cfghdr2:
   \   00000000   01000000           DC32 1
   \   00000004   604469736162       DC8 "`Disabled` icon #"
   \              6C6564602069
   \              636F6E202300
   \   00000016   000000000000       DC8 0, 0, 0, 0, 0, 0, 0, 0, 0, 0, 0, 0, 0, 0
   \              000000000000
   \              0000        
   \   00000024   000000000F27       DC32 0, 9999
   \              0000        

   \                                 In segment CONFIG_C, align 4, align-sorted, root
     10          __root const unsigned int icon_disabled=816;
                                                             ^
Warning[Pe001]: last line of file ends without a newline
   \                     icon_disabled:
   \   00000000   30030000           DC32 816


   Segment part sizes:

     Function/Label Bytes
     -------------- -----
     cfghdr0          44
     path            128
     cfghdr1          44
     icon_enabled      4
     cfghdr2          44
     icon_disabled     4

 
 268 bytes in segment CONFIG_C
 
 268 bytes of CONST memory

Errors: none
Warnings: 1
